2022-03-30T16:34:48.534929106Z stdout: CANARY ::> Connection Establish -> Time = 0.009201288223266602.s
2022-03-30T16:34:48.534952673Z stdout: CANARY ::> Iteration 0 starting -> Time = 0.009237527847290039.s
2022-03-30T16:34:48.981643888Z stdout: CANARY ::> Query 1 completed -> Time = 0.45589447021484375.s
2022-03-30T16:34:49.453372603Z stdout: CANARY ::> Query 2 completed -> Time = 0.927649736404419.s
2022-03-30T16:34:49.487025397Z stdout: CANARY ::> Query 3 completed -> Time = 0.961322546005249.s
2022-03-30T16:34:50.372478682Z stdout: CANARY ::> Query 4 completed -> Time = 1.8468472957611084.s
2022-03-30T16:34:50.374013403Z stdout: CANARY ::> Query 5 completed -> Time = 1.8484280109405518.s
2022-03-30T16:34:52.401836004Z stdout: CANARY ::> Query 6 completed -> Time = 3.876147747039795.s
2022-03-30T16:34:52.401852753Z stdout: CANARY ::> State 0 collection -> Time = 3.876190185546875.s
2022-03-30T16:34:52.401855325Z stdout: CANARY ::> Iteration 1 starting -> Time = 3.87619948387146.s
2022-03-30T16:34:52.824690443Z stdout: CANARY ::> Query 1 completed -> Time = 4.298944473266602.s
2022-03-30T16:34:53.33365651Z  stdout: CANARY ::> Query 2 completed -> Time = 4.807910919189453.s
2022-03-30T16:34:53.368091482Z stdout: CANARY ::> Query 3 completed -> Time = 4.842376470565796.s
2022-03-30T16:34:54.332872318Z stdout: CANARY ::> Query 4 completed -> Time = 5.80713152885437.s
2022-03-30T16:34:54.333382827Z stdout: CANARY ::> Query 5 completed -> Time = 5.807853937149048.s
2022-03-30T16:34:56.330039537Z stdout: CANARY ::> Query 6 completed -> Time = 7.804302930831909.s
2022-03-30T16:34:56.330054799Z stdout: CANARY ::> State 1 collection -> Time = 7.804348468780518.s
2022-03-30T16:34:56.330057782Z stdout: CANARY ::> Iteration 2 starting -> Time = 7.804357528686523.s
2022-03-30T16:34:56.747758425Z stdout: CANARY ::> Query 1 completed -> Time = 8.222155570983887.s
2022-03-30T16:34:57.240082469Z stdout: CANARY ::> Query 2 completed -> Time = 8.714407920837402.s
2022-03-30T16:34:57.275085756Z stdout: CANARY ::> Query 3 completed -> Time = 8.749435663223267.s
2022-03-30T16:34:58.241413692Z stdout: CANARY ::> Query 4 completed -> Time = 9.71568489074707.s
2022-03-30T16:34:58.242015682Z stdout: CANARY ::> Query 5 completed -> Time = 9.71648621559143.s
2022-03-30T16:35:00.229105426Z stdout: CANARY ::> Query 6 completed -> Time = 11.703373432159424.s
2022-03-30T16:35:00.229122757Z stdout: CANARY ::> State 2 collection -> Time = 11.703418254852295.s
2022-03-30T16:35:00.229125679Z stdout: CANARY ::> Iteration 3 starting -> Time = 11.703426361083984.s
2022-03-30T16:35:00.654305343Z stdout: CANARY ::> Query 1 completed -> Time = 12.128559112548828.s
2022-03-30T16:35:01.13160119Z  stdout: CANARY ::> Query 2 completed -> Time = 12.605852603912354.s
2022-03-30T16:35:01.167003713Z stdout: CANARY ::> Query 3 completed -> Time = 12.641274690628052.s
2022-03-30T16:35:02.124637454Z stdout: CANARY ::> Query 4 completed -> Time = 13.598963260650635.s
2022-03-30T16:35:02.125155883Z stdout: CANARY ::> Query 5 completed -> Time = 13.599640846252441.s
2022-03-30T16:35:04.137301597Z stdout: CANARY ::> Query 6 completed -> Time = 15.611607789993286.s
2022-03-30T16:35:04.137320041Z stdout: CANARY ::> State 3 collection -> Time = 15.611652851104736.s
2022-03-30T16:35:04.137322841Z stdout: CANARY ::> Iteration 4 starting -> Time = 15.611660718917847.s
2022-03-30T16:35:04.555772645Z stdout: CANARY ::> Query 1 completed -> Time = 16.030006170272827.s
2022-03-30T16:35:05.027908867Z stdout: CANARY ::> Query 2 completed -> Time = 16.502261877059937.s
2022-03-30T16:35:05.061984471Z stdout: CANARY ::> Query 3 completed -> Time = 16.536361694335938.s
2022-03-30T16:35:05.942982111Z stdout: CANARY ::> Query 4 completed -> Time = 17.417324781417847.s
2022-03-30T16:35:05.943575555Z stdout: CANARY ::> Query 5 completed -> Time = 17.41805100440979.s
2022-03-30T16:35:07.942572342Z stdout: CANARY ::> Query 6 completed -> Time = 19.416869401931763.s
2022-03-30T16:35:07.942591813Z stdout: CANARY ::> State 4 collection -> Time = 19.416914701461792.s
2022-03-30T16:35:07.942595132Z stdout: CANARY ::> Iteration 5 starting -> Time = 19.416922569274902.s
2022-03-30T16:35:08.36748879Z  stdout: CANARY ::> Query 1 completed -> Time = 19.841734409332275.s
2022-03-30T16:35:08.841597538Z stdout: CANARY ::> Query 2 completed -> Time = 20.31587028503418.s
2022-03-30T16:35:08.877052986Z stdout: CANARY ::> Query 3 completed -> Time = 20.35140585899353.s
2022-03-30T16:35:09.765749837Z stdout: CANARY ::> Query 4 completed -> Time = 21.240092754364014.s
2022-03-30T16:35:09.766206679Z stdout: CANARY ::> Query 5 completed -> Time = 21.240690231323242.s
2022-03-30T16:35:11.759252629Z stdout: CANARY ::> Query 6 completed -> Time = 23.233562469482422.s
2022-03-30T16:35:11.759270844Z stdout: CANARY ::> State 5 collection -> Time = 23.23360300064087.s
2022-03-30T16:35:11.759273757Z stdout: CANARY ::> Iteration 6 starting -> Time = 23.233609676361084.s
2022-03-30T16:35:12.183888671Z stdout: CANARY ::> Query 1 completed -> Time = 23.65814733505249.s
2022-03-30T16:35:12.657192357Z stdout: CANARY ::> Query 2 completed -> Time = 24.131454944610596.s
2022-03-30T16:35:12.691199932Z stdout: CANARY ::> Query 3 completed -> Time = 24.16546130180359.s
2022-03-30T16:35:13.648997217Z stdout: CANARY ::> Query 4 completed -> Time = 25.123275756835938.s
2022-03-30T16:35:13.649571383Z stdout: CANARY ::> Query 5 completed -> Time = 25.124053955078125.s
2022-03-30T16:35:15.673889098Z stdout: CANARY ::> Query 6 completed -> Time = 27.148124933242798.s
2022-03-30T16:35:15.673907561Z stdout: CANARY ::> State 6 collection -> Time = 27.148170709609985.s
2022-03-30T16:35:15.673911286Z stdout: CANARY ::> Iteration 7 starting -> Time = 27.148179054260254.s
2022-03-30T16:35:16.096847406Z stdout: CANARY ::> Query 1 completed -> Time = 27.571110248565674.s
2022-03-30T16:35:16.572164135Z stdout: CANARY ::> Query 2 completed -> Time = 28.046420335769653.s
2022-03-30T16:35:16.606191992Z stdout: CANARY ::> Query 3 completed -> Time = 28.080504179000854.s
2022-03-30T16:35:17.495141478Z stdout: CANARY ::> Query 4 completed -> Time = 28.969554901123047.s
2022-03-30T16:35:17.495798844Z stdout: CANARY ::> Query 5 completed -> Time = 28.97027564048767.s
2022-03-30T16:35:19.490974872Z stdout: CANARY ::> Query 6 completed -> Time = 30.965209007263184.s
2022-03-30T16:35:19.490992182Z stdout: CANARY ::> State 7 collection -> Time = 30.965255975723267.s
2022-03-30T16:35:19.490995126Z stdout: CANARY ::> Iteration 8 starting -> Time = 30.96526312828064.s
2022-03-30T16:35:19.925506338Z stdout: CANARY ::> Query 1 completed -> Time = 31.399767875671387.s
2022-03-30T16:35:20.417283412Z stdout: CANARY ::> Query 2 completed -> Time = 31.891618728637695.s
2022-03-30T16:35:20.453653515Z stdout: CANARY ::> Query 3 completed -> Time = 31.927961349487305.s
2022-03-30T16:35:21.407700498Z stdout: CANARY ::> Query 4 completed -> Time = 32.88196635246277.s
2022-03-30T16:35:21.408267045Z stdout: CANARY ::> Query 5 completed -> Time = 32.88274431228638.s
2022-03-30T16:35:23.413420583Z stdout: CANARY ::> Query 6 completed -> Time = 34.8877329826355.s
2022-03-30T16:35:23.413437972Z stdout: CANARY ::> State 8 collection -> Time = 34.887776374816895.s
2022-03-30T16:35:23.413440949Z stdout: CANARY ::> Iteration 9 starting -> Time = 34.88778495788574.s
2022-03-30T16:35:23.838180274Z stdout: CANARY ::> Query 1 completed -> Time = 35.312466621398926.s
2022-03-30T16:35:24.316271074Z stdout: CANARY ::> Query 2 completed -> Time = 35.79054522514343.s
2022-03-30T16:35:24.350241779Z stdout: CANARY ::> Query 3 completed -> Time = 35.82454586029053.s
2022-03-30T16:35:25.273086589Z stdout: CANARY ::> Query 4 completed -> Time = 36.74733924865723.s
2022-03-30T16:35:25.273790874Z stdout: CANARY ::> Query 5 completed -> Time = 36.74825358390808.s
2022-03-30T16:35:27.233600092Z stdout: CANARY ::> Query 6 completed -> Time = 38.70785617828369.s
2022-03-30T16:35:27.233617206Z stdout: CANARY ::> State 9 collection -> Time = 38.707900285720825.s
2022-03-30T16:35:27.233620178Z stdout: CANARY ::> Iteration 10 starting -> Time = 38.70790934562683.s
2022-03-30T16:35:27.658576725Z stdout: CANARY ::> Query 1 completed -> Time = 39.1329824924469.s
2022-03-30T16:35:28.132477636Z stdout: CANARY ::> Query 2 completed -> Time = 39.6067214012146.s
2022-03-30T16:35:28.169538025Z stdout: CANARY ::> Query 3 completed -> Time = 39.64386987686157.s
2022-03-30T16:35:29.033645933Z stdout: CANARY ::> Query 4 completed -> Time = 40.50793218612671.s
2022-03-30T16:35:29.034160805Z stdout: CANARY ::> Query 5 completed -> Time = 40.508644104003906.s
2022-03-30T16:35:31.046101422Z stdout: CANARY ::> Query 6 completed -> Time = 42.52034258842468.s
2022-03-30T16:35:31.046128162Z stdout: CANARY ::> State 10 collection -> Time = 42.52038931846619.s
2022-03-30T16:35:31.046131716Z stdout: CANARY ::> Iteration 11 starting -> Time = 42.52039837837219.s
2022-03-30T16:35:31.468170475Z stdout: CANARY ::> Query 1 completed -> Time = 42.94244074821472.s
2022-03-30T16:35:31.942340983Z stdout: CANARY ::> Query 2 completed -> Time = 43.41659903526306.s
2022-03-30T16:35:31.978638875Z stdout: CANARY ::> Query 3 completed -> Time = 43.45288801193237.s
2022-03-30T16:35:32.941155337Z stdout: CANARY ::> Query 4 completed -> Time = 44.41543674468994.s
2022-03-30T16:35:32.941675758Z stdout: CANARY ::> Query 5 completed -> Time = 44.41616129875183.s
2022-03-30T16:35:34.928687851Z stdout: CANARY ::> Query 6 completed -> Time = 46.402899742126465.s
2022-03-30T16:35:34.928720975Z stdout: CANARY ::> State 11 collection -> Time = 46.40297317504883.s
2022-03-30T16:35:34.928724774Z stdout: CANARY ::> Iteration 12 starting -> Time = 46.402996301651.s
2022-03-30T16:35:35.362727841Z stdout: CANARY ::> Query 1 completed -> Time = 46.83701491355896.s
2022-03-30T16:35:35.84873955Z  stdout: CANARY ::> Query 2 completed -> Time = 47.32304096221924.s
2022-03-30T16:35:35.882833028Z stdout: CANARY ::> Query 3 completed -> Time = 47.35722875595093.s
2022-03-30T16:35:36.780195374Z stdout: CANARY ::> Query 4 completed -> Time = 48.25454235076904.s
2022-03-30T16:35:36.780706145Z stdout: CANARY ::> Query 5 completed -> Time = 48.25518560409546.s
2022-03-30T16:35:38.77943687Z  stdout: CANARY ::> Query 6 completed -> Time = 50.253700256347656.s
2022-03-30T16:35:38.779455165Z stdout: CANARY ::> State 12 collection -> Time = 50.253737449645996.s
2022-03-30T16:35:38.779458734Z stdout: CANARY ::> Iteration 13 starting -> Time = 50.253746509552.s
2022-03-30T16:35:39.220183381Z stdout: CANARY ::> Query 1 completed -> Time = 50.69446897506714.s
2022-03-30T16:35:39.694374708Z stdout: CANARY ::> Query 2 completed -> Time = 51.16861343383789.s
2022-03-30T16:35:39.731156612Z stdout: CANARY ::> Query 3 completed -> Time = 51.20557951927185.s
2022-03-30T16:35:40.591605426Z stdout: CANARY ::> Query 4 completed -> Time = 52.06588339805603.s
2022-03-30T16:35:40.592072171Z stdout: CANARY ::> Query 5 completed -> Time = 52.06653380393982.s
2022-03-30T16:35:42.580688458Z stdout: CANARY ::> Query 6 completed -> Time = 54.05492830276489.s
2022-03-30T16:35:42.580706812Z stdout: CANARY ::> State 13 collection -> Time = 54.05496835708618.s
2022-03-30T16:35:42.580710246Z stdout: CANARY ::> Iteration 14 starting -> Time = 54.05497407913208.s
2022-03-30T16:35:43.00835438Z  stdout: CANARY ::> Query 1 completed -> Time = 54.48262166976929.s
2022-03-30T16:35:43.484920042Z stdout: CANARY ::> Query 2 completed -> Time = 54.95919632911682.s
2022-03-30T16:35:43.519914031Z stdout: CANARY ::> Query 3 completed -> Time = 54.99424433708191.s
2022-03-30T16:35:44.423869769Z stdout: CANARY ::> Query 4 completed -> Time = 55.898120164871216.s
2022-03-30T16:35:44.424397511Z stdout: CANARY ::> Query 5 completed -> Time = 55.89887809753418.s
2022-03-30T16:35:46.436480931Z stdout: CANARY ::> Query 6 completed -> Time = 57.91073441505432.s
2022-03-30T16:35:46.436503481Z stdout: CANARY ::> State 14 collection -> Time = 57.91078162193298.s
2022-03-30T16:35:46.436506676Z stdout: CANARY ::> Iteration 15 starting -> Time = 57.91079020500183.s
2022-03-30T16:35:46.860683872Z stdout: CANARY ::> Query 1 completed -> Time = 58.33495783805847.s
2022-03-30T16:35:47.33820308Z  stdout: CANARY ::> Query 2 completed -> Time = 58.81244683265686.s
2022-03-30T16:35:47.374860268Z stdout: CANARY ::> Query 3 completed -> Time = 58.84924793243408.s
2022-03-30T16:35:48.263979174Z stdout: CANARY ::> Query 4 completed -> Time = 59.73833751678467.s
2022-03-30T16:35:48.264863346Z stdout: CANARY ::> Query 5 completed -> Time = 59.73934006690979.s
2022-03-30T16:35:50.213820898Z stdout: CANARY ::> Query 6 completed -> Time = 61.68807768821716.s
2022-03-30T16:35:50.213837078Z stdout: CANARY ::> State 15 collection -> Time = 61.68812394142151.s
2022-03-30T16:35:50.21383993Z  stdout: CANARY ::> Iteration 16 starting -> Time = 61.6881320476532.s
2022-03-30T16:35:50.643970762Z stdout: CANARY ::> Query 1 completed -> Time = 62.1182656288147.s
2022-03-30T16:35:51.119741476Z stdout: CANARY ::> Query 2 completed -> Time = 62.59400773048401.s
2022-03-30T16:35:51.154393168Z stdout: CANARY ::> Query 3 completed -> Time = 62.628655672073364.s
2022-03-30T16:35:52.020835981Z stdout: CANARY ::> Query 4 completed -> Time = 63.495102882385254.s
2022-03-30T16:35:52.021321452Z stdout: CANARY ::> Query 5 completed -> Time = 63.49580430984497.s
2022-03-30T16:35:54.014612472Z stdout: CANARY ::> Query 6 completed -> Time = 65.48898434638977.s
2022-03-30T16:35:54.014632116Z stdout: CANARY ::> State 16 collection -> Time = 65.48903131484985.s
2022-03-30T16:35:54.014634858Z stdout: CANARY ::> Iteration 17 starting -> Time = 65.48903918266296.s
2022-03-30T16:35:54.442213836Z stdout: CANARY ::> Query 1 completed -> Time = 65.91646265983582.s
2022-03-30T16:35:54.915334477Z stdout: CANARY ::> Query 2 completed -> Time = 66.38961291313171.s
2022-03-30T16:35:54.951131258Z stdout: CANARY ::> Query 3 completed -> Time = 66.42549276351929.s
2022-03-30T16:35:55.826645333Z stdout: CANARY ::> Query 4 completed -> Time = 67.30092120170593.s
2022-03-30T16:35:55.827195866Z stdout: CANARY ::> Query 5 completed -> Time = 67.30167937278748.s
2022-03-30T16:35:57.78255975Z  stdout: CANARY ::> Query 6 completed -> Time = 69.25679016113281.s
2022-03-30T16:35:57.782577965Z stdout: CANARY ::> State 17 collection -> Time = 69.25683617591858.s
2022-03-30T16:35:57.782581054Z stdout: CANARY ::> Iteration 18 starting -> Time = 69.25684452056885.s
2022-03-30T16:35:58.208103312Z stdout: CANARY ::> Query 1 completed -> Time = 69.68238544464111.s
2022-03-30T16:35:58.679375908Z stdout: CANARY ::> Query 2 completed -> Time = 70.15371465682983.s
2022-03-30T16:35:58.716404277Z stdout: CANARY ::> Query 3 completed -> Time = 70.19069504737854.s
2022-03-30T16:35:59.573010403Z stdout: CANARY ::> Query 4 completed -> Time = 71.04728174209595.s
2022-03-30T16:35:59.573524782Z stdout: CANARY ::> Query 5 completed -> Time = 71.04797101020813.s
2022-03-30T16:36:01.608907413Z stdout: CANARY ::> Query 6 completed -> Time = 73.08315467834473.s
2022-03-30T16:36:01.608924275Z stdout: CANARY ::> State 18 collection -> Time = 73.08319878578186.s
2022-03-30T16:36:01.608927593Z stdout: CANARY ::> Iteration 19 starting -> Time = 73.08320808410645.s
2022-03-30T16:36:02.037565465Z stdout: CANARY ::> Query 1 completed -> Time = 73.51183772087097.s
2022-03-30T16:36:02.512439867Z stdout: CANARY ::> Query 2 completed -> Time = 73.98677611351013.s
2022-03-30T16:36:02.549402835Z stdout: CANARY ::> Query 3 completed -> Time = 74.02375984191895.s
2022-03-30T16:36:03.514946471Z stdout: CANARY ::> Query 4 completed -> Time = 74.98928642272949.s
2022-03-30T16:36:03.515754271Z stdout: CANARY ::> Query 5 completed -> Time = 74.99023294448853.s
2022-03-30T16:36:05.531331245Z stdout: CANARY ::> Query 6 completed -> Time = 77.00572967529297.s
2022-03-30T16:36:05.531352346Z stdout: CANARY ::> State 19 collection -> Time = 77.00577473640442.s
2022-03-30T16:36:05.531355094Z stdout: CANARY ::> Iteration 20 starting -> Time = 77.00578260421753.s
2022-03-30T16:36:05.955575305Z stdout: CANARY ::> Query 1 completed -> Time = 77.42997813224792.s
2022-03-30T16:36:06.423284657Z stdout: CANARY ::> Query 2 completed -> Time = 77.89761686325073.s
2022-03-30T16:36:06.460256723Z stdout: CANARY ::> Query 3 completed -> Time = 77.93453431129456.s
2022-03-30T16:36:07.41662949Z  stdout: CANARY ::> Query 4 completed -> Time = 78.89089632034302.s
2022-03-30T16:36:07.417368348Z stdout: CANARY ::> Query 5 completed -> Time = 78.89184331893921.s
2022-03-30T16:36:09.428179727Z stdout: CANARY ::> Query 6 completed -> Time = 80.90242838859558.s
2022-03-30T16:36:09.428197103Z stdout: CANARY ::> State 20 collection -> Time = 80.90247082710266.s
2022-03-30T16:36:09.42820051Z  stdout: CANARY ::> Iteration 21 starting -> Time = 80.9024772644043.s
2022-03-30T16:36:09.849680076Z stdout: CANARY ::> Query 1 completed -> Time = 81.3240098953247.s
2022-03-30T16:36:10.325423671Z stdout: CANARY ::> Query 2 completed -> Time = 81.799733877182.s
2022-03-30T16:36:10.361784369Z stdout: CANARY ::> Query 3 completed -> Time = 81.8361485004425.s
2022-03-30T16:36:11.350790446Z stdout: CANARY ::> Query 4 completed -> Time = 82.82505321502686.s
2022-03-30T16:36:11.351400641Z stdout: CANARY ::> Query 5 completed -> Time = 82.82587742805481.s
2022-03-30T16:36:13.373139659Z stdout: CANARY ::> Query 6 completed -> Time = 84.84743523597717.s
2022-03-30T16:36:13.373165995Z stdout: CANARY ::> State 21 collection -> Time = 84.8474805355072.s
2022-03-30T16:36:13.373169407Z stdout: CANARY ::> Iteration 22 starting -> Time = 84.84748840332031.s
2022-03-30T16:36:13.796866971Z stdout: CANARY ::> Query 1 completed -> Time = 85.27115726470947.s
2022-03-30T16:36:14.2748013Z   stdout: CANARY ::> Query 2 completed -> Time = 85.74910688400269.s
2022-03-30T16:36:14.311917245Z stdout: CANARY ::> Query 3 completed -> Time = 85.78618359565735.s
2022-03-30T16:36:15.280713663Z stdout: CANARY ::> Query 4 completed -> Time = 86.75511574745178.s
2022-03-30T16:36:15.281360727Z stdout: CANARY ::> Query 5 completed -> Time = 86.75584125518799.s
2022-03-30T16:36:17.288838657Z stdout: CANARY ::> Query 6 completed -> Time = 88.76308250427246.s
2022-03-30T16:36:17.288868565Z stdout: CANARY ::> State 22 collection -> Time = 88.76312685012817.s
2022-03-30T16:36:17.288871738Z stdout: CANARY ::> Iteration 23 starting -> Time = 88.76313591003418.s
2022-03-30T16:36:17.715232174Z stdout: CANARY ::> Query 1 completed -> Time = 89.18951463699341.s
2022-03-30T16:36:18.198964168Z stdout: CANARY ::> Query 2 completed -> Time = 89.67324781417847.s
2022-03-30T16:36:18.234601868Z stdout: CANARY ::> Query 3 completed -> Time = 89.7089159488678.s
2022-03-30T16:36:19.212121549Z stdout: CANARY ::> Query 4 completed -> Time = 90.68646883964539.s
2022-03-30T16:36:19.212725908Z stdout: CANARY ::> Query 5 completed -> Time = 90.68721032142639.s
2022-03-30T16:36:21.233313729Z stdout: CANARY ::> Query 6 completed -> Time = 92.70763397216797.s
2022-03-30T16:36:21.23332933Z  stdout: CANARY ::> State 23 collection -> Time = 92.70768141746521.s
2022-03-30T16:36:21.233332626Z stdout: CANARY ::> Iteration 24 starting -> Time = 92.70769000053406.s
2022-03-30T16:36:21.660757163Z stdout: CANARY ::> Query 1 completed -> Time = 93.13509392738342.s
2022-03-30T16:36:22.146120533Z stdout: CANARY ::> Query 2 completed -> Time = 93.62043309211731.s
2022-03-30T16:36:22.183332616Z stdout: CANARY ::> Query 3 completed -> Time = 93.6577467918396.s
2022-03-30T16:36:23.170324613Z stdout: CANARY ::> Query 4 completed -> Time = 94.64459896087646.s
2022-03-30T16:36:23.171105869Z stdout: CANARY ::> Query 5 completed -> Time = 94.6455807685852.s
2022-03-30T16:36:25.181885175Z stdout: CANARY ::> Query 6 completed -> Time = 96.65615820884705.s
2022-03-30T16:36:25.181901754Z stdout: CANARY ::> State 24 collection -> Time = 96.65620160102844.s
2022-03-30T16:36:25.181904888Z stdout: CANARY ::> Iteration 25 starting -> Time = 96.65620923042297.s
2022-03-30T16:36:25.610928566Z stdout: CANARY ::> Query 1 completed -> Time = 97.08528304100037.s
2022-03-30T16:36:26.087035196Z stdout: CANARY ::> Query 2 completed -> Time = 97.56130766868591.s
2022-03-30T16:36:26.124463479Z stdout: CANARY ::> Query 3 completed -> Time = 97.59875965118408.s
2022-03-30T16:36:27.022403171Z stdout: CANARY ::> Query 4 completed -> Time = 98.49675464630127.s
2022-03-30T16:36:27.023252097Z stdout: CANARY ::> Query 5 completed -> Time = 98.49773597717285.s
2022-03-30T16:36:29.045279098Z stdout: CANARY ::> Query 6 completed -> Time = 100.51954531669617.s
2022-03-30T16:36:29.045297267Z stdout: CANARY ::> State 25 collection -> Time = 100.51958751678467.s
2022-03-30T16:36:29.045300753Z stdout: CANARY ::> Iteration 26 starting -> Time = 100.51959371566772.s
2022-03-30T16:36:29.471124109Z stdout: CANARY ::> Query 1 completed -> Time = 100.94537949562073.s
2022-03-30T16:36:29.950943794Z stdout: CANARY ::> Query 2 completed -> Time = 101.42519783973694.s
2022-03-30T16:36:29.986465847Z stdout: CANARY ::> Query 3 completed -> Time = 101.46077036857605.s
2022-03-30T16:36:30.949605716Z stdout: CANARY ::> Query 4 completed -> Time = 102.4238920211792.s
2022-03-30T16:36:30.949980871Z stdout: CANARY ::> Query 5 completed -> Time = 102.42446231842041.s
2022-03-30T16:36:32.972797502Z stdout: CANARY ::> Query 6 completed -> Time = 104.44713973999023.s
2022-03-30T16:36:32.972815773Z stdout: CANARY ::> State 26 collection -> Time = 104.44718480110168.s
2022-03-30T16:36:32.972818886Z stdout: CANARY ::> Iteration 27 starting -> Time = 104.44719243049622.s
2022-03-30T16:36:33.395498947Z stdout: CANARY ::> Query 1 completed -> Time = 104.86977243423462.s
2022-03-30T16:36:33.868170475Z stdout: CANARY ::> Query 2 completed -> Time = 105.34245610237122.s
2022-03-30T16:36:33.905523831Z stdout: CANARY ::> Query 3 completed -> Time = 105.37982368469238.s
2022-03-30T16:36:34.867350284Z stdout: CANARY ::> Query 4 completed -> Time = 106.34176397323608.s
2022-03-30T16:36:34.868852438Z stdout: CANARY ::> Query 5 completed -> Time = 106.34320187568665.s
2022-03-30T16:36:36.893527513Z stdout: CANARY ::> Query 6 completed -> Time = 108.36788320541382.s
2022-03-30T16:36:36.89354875Z  stdout: CANARY ::> State 27 collection -> Time = 108.36792874336243.s
2022-03-30T16:36:36.893552177Z stdout: CANARY ::> Iteration 28 starting -> Time = 108.36793684959412.s
2022-03-30T16:36:37.320064385Z stdout: CANARY ::> Query 1 completed -> Time = 108.79440927505493.s
2022-03-30T16:36:37.79881546Z  stdout: CANARY ::> Query 2 completed -> Time = 109.2730963230133.s
2022-03-30T16:36:37.834584361Z stdout: CANARY ::> Query 3 completed -> Time = 109.30886602401733.s
2022-03-30T16:36:38.80490452Z  stdout: CANARY ::> Query 4 completed -> Time = 110.27919101715088.s
2022-03-30T16:36:38.805500702Z stdout: CANARY ::> Query 5 completed -> Time = 110.27997708320618.s
2022-03-30T16:36:40.823055994Z stdout: CANARY ::> Query 6 completed -> Time = 112.29735779762268.s
2022-03-30T16:36:40.823081572Z stdout: CANARY ::> State 28 collection -> Time = 112.29740357398987.s
2022-03-30T16:36:40.82308487Z  stdout: CANARY ::> Iteration 29 starting -> Time = 112.29741144180298.s
2022-03-30T16:36:41.252653403Z stdout: CANARY ::> Query 1 completed -> Time = 112.72697067260742.s
2022-03-30T16:36:41.739950237Z stdout: CANARY ::> Query 2 completed -> Time = 113.21428179740906.s
2022-03-30T16:36:41.777120217Z stdout: CANARY ::> Query 3 completed -> Time = 113.25142884254456.s
2022-03-30T16:36:42.690074242Z stdout: CANARY ::> Query 4 completed -> Time = 114.16434812545776.s
2022-03-30T16:36:42.691281128Z stdout: CANARY ::> Query 5 completed -> Time = 114.16569590568542.s
2022-03-30T16:36:44.661938377Z stdout: CANARY ::> Query 6 completed -> Time = 116.13625621795654.s
2022-03-30T16:36:44.661954792Z stdout: CANARY ::> State 29 collection -> Time = 116.13629674911499.s
2022-03-30T16:36:44.661957499Z stdout: CANARY ::> Iteration 30 starting -> Time = 116.13630247116089.s
2022-03-30T16:36:45.087717432Z stdout: CANARY ::> Query 1 completed -> Time = 116.56200122833252.s
2022-03-30T16:36:45.565242165Z stdout: CANARY ::> Query 2 completed -> Time = 117.03950428962708.s
2022-03-30T16:36:45.60124162Z  stdout: CANARY ::> Query 3 completed -> Time = 117.07558608055115.s
2022-03-30T16:36:46.560615468Z stdout: CANARY ::> Query 4 completed -> Time = 118.0348687171936.s
2022-03-30T16:36:46.561127261Z stdout: CANARY ::> Query 5 completed -> Time = 118.03561091423035.s
2022-03-30T16:36:48.575096817Z stdout: CANARY ::> Query 6 completed -> Time = 120.04948854446411.s
2022-03-30T16:36:48.575114235Z stdout: CANARY ::> State 30 collection -> Time = 120.04953289031982.s
2022-03-30T16:36:48.575117095Z stdout: CANARY ::> Iteration 31 starting -> Time = 120.04954075813293.s
2022-03-30T16:36:48.999977163Z stdout: CANARY ::> Query 1 completed -> Time = 120.4743082523346.s
2022-03-30T16:36:49.47676396Z  stdout: CANARY ::> Query 2 completed -> Time = 120.95107197761536.s
2022-03-30T16:36:49.513191014Z stdout: CANARY ::> Query 3 completed -> Time = 120.98762106895447.s
2022-03-30T16:36:50.428614026Z stdout: CANARY ::> Query 4 completed -> Time = 121.90297555923462.s
2022-03-30T16:36:50.429680282Z stdout: CANARY ::> Query 5 completed -> Time = 121.9041657447815.s
2022-03-30T16:36:52.460275697Z stdout: CANARY ::> Query 6 completed -> Time = 123.93454504013062.s
2022-03-30T16:36:52.460294563Z stdout: CANARY ::> State 31 collection -> Time = 123.93459105491638.s
2022-03-30T16:36:52.460297682Z stdout: CANARY ::> Iteration 32 starting -> Time = 123.93459892272949.s
2022-03-30T16:36:52.889498143Z stdout: CANARY ::> Query 1 completed -> Time = 124.36373114585876.s
2022-03-30T16:36:53.364887089Z stdout: CANARY ::> Query 2 completed -> Time = 124.8391547203064.s
2022-03-30T16:36:53.401689014Z stdout: CANARY ::> Query 3 completed -> Time = 124.87596225738525.s
2022-03-30T16:36:54.358138999Z stdout: CANARY ::> Query 4 completed -> Time = 125.83243489265442.s
2022-03-30T16:36:54.358646403Z stdout: CANARY ::> Query 5 completed -> Time = 125.83312821388245.s
2022-03-30T16:36:56.381338613Z stdout: CANARY ::> Query 6 completed -> Time = 127.8556478023529.s
2022-03-30T16:36:56.381377508Z stdout: CANARY ::> State 32 collection -> Time = 127.85569167137146.s
2022-03-30T16:36:56.381380811Z stdout: CANARY ::> Iteration 33 starting -> Time = 127.85570096969604.s
2022-03-30T16:36:56.807829238Z stdout: CANARY ::> Query 1 completed -> Time = 128.28223633766174.s
2022-03-30T16:36:57.280329224Z stdout: CANARY ::> Query 2 completed -> Time = 128.75458312034607.s
2022-03-30T16:36:57.318787694Z stdout: CANARY ::> Query 3 completed -> Time = 128.79306745529175.s
2022-03-30T16:36:58.279095033Z stdout: CANARY ::> Query 4 completed -> Time = 129.75345253944397.s
2022-03-30T16:36:58.279965574Z stdout: CANARY ::> Query 5 completed -> Time = 129.75445079803467.s
2022-03-30T16:37:00.298837645Z stdout: CANARY ::> Query 6 completed -> Time = 131.7731533050537.s
2022-03-30T16:37:00.298854839Z stdout: CANARY ::> State 33 collection -> Time = 131.77319717407227.s
2022-03-30T16:37:00.298858057Z stdout: CANARY ::> Iteration 34 starting -> Time = 131.7732059955597.s
2022-03-30T16:37:00.727474754Z stdout: CANARY ::> Query 1 completed -> Time = 132.201833486557.s
2022-03-30T16:37:01.240595987Z stdout: CANARY ::> Query 2 completed -> Time = 132.71497893333435.s
2022-03-30T16:37:01.277637312Z stdout: CANARY ::> Query 3 completed -> Time = 132.7520890235901.s
2022-03-30T16:37:02.177516446Z stdout: CANARY ::> Query 4 completed -> Time = 133.65179085731506.s
2022-03-30T16:37:02.178072198Z stdout: CANARY ::> Query 5 completed -> Time = 133.65255570411682.s
2022-03-30T16:37:04.176683257Z stdout: CANARY ::> Query 6 completed -> Time = 135.65093302726746.s
2022-03-30T16:37:04.176702288Z stdout: CANARY ::> State 34 collection -> Time = 135.6509771347046.s
2022-03-30T16:37:04.176705755Z stdout: CANARY ::> Iteration 35 starting -> Time = 135.65098547935486.s
2022-03-30T16:37:04.608031905Z stdout: CANARY ::> Query 1 completed -> Time = 136.08231043815613.s
2022-03-30T16:37:05.085065337Z stdout: CANARY ::> Query 2 completed -> Time = 136.55931782722473.s
2022-03-30T16:37:05.121668006Z stdout: CANARY ::> Query 3 completed -> Time = 136.59602737426758.s
2022-03-30T16:37:05.987085161Z stdout: CANARY ::> Query 4 completed -> Time = 137.46137595176697.s
2022-03-30T16:37:05.988072234Z stdout: CANARY ::> Query 5 completed -> Time = 137.4625597000122.s
2022-03-30T16:37:07.996084877Z stdout: CANARY ::> Query 6 completed -> Time = 139.47036147117615.s
2022-03-30T16:37:07.996104002Z stdout: CANARY ::> State 35 collection -> Time = 139.4704074859619.s
2022-03-30T16:37:07.996107134Z stdout: CANARY ::> Iteration 36 starting -> Time = 139.47041535377502.s
2022-03-30T16:37:08.420077148Z stdout: CANARY ::> Query 1 completed -> Time = 139.89436268806458.s
2022-03-30T16:37:08.910925549Z stdout: CANARY ::> Query 2 completed -> Time = 140.38534212112427.s
2022-03-30T16:37:08.94904251Z  stdout: CANARY ::> Query 3 completed -> Time = 140.42335987091064.s
2022-03-30T16:37:09.910408838Z stdout: CANARY ::> Query 4 completed -> Time = 141.3846790790558.s
2022-03-30T16:37:09.910883216Z stdout: CANARY ::> Query 5 completed -> Time = 141.3853566646576.s
2022-03-30T16:37:11.829103039Z stdout: CANARY ::> Query 6 completed -> Time = 143.30336713790894.s
2022-03-30T16:37:11.829139312Z stdout: CANARY ::> State 36 collection -> Time = 143.30341172218323.s
2022-03-30T16:37:11.829142316Z stdout: CANARY ::> Iteration 37 starting -> Time = 143.30341958999634.s
2022-03-30T16:37:12.257284896Z stdout: CANARY ::> Query 1 completed -> Time = 143.7315707206726.s
2022-03-30T16:37:12.733558588Z stdout: CANARY ::> Query 2 completed -> Time = 144.20789122581482.s
2022-03-30T16:37:12.767891066Z stdout: CANARY ::> Query 3 completed -> Time = 144.24218559265137.s
2022-03-30T16:37:13.684307491Z stdout: CANARY ::> Query 4 completed -> Time = 145.15865349769592.s
2022-03-30T16:37:13.685232301Z stdout: CANARY ::> Query 5 completed -> Time = 145.1597135066986.s
2022-03-30T16:37:15.710979298Z stdout: CANARY ::> Query 6 completed -> Time = 147.185387134552.s
2022-03-30T16:37:15.710999565Z stdout: CANARY ::> State 37 collection -> Time = 147.18542313575745.s
2022-03-30T16:37:15.71100267Z  stdout: CANARY ::> Iteration 38 starting -> Time = 147.18543028831482.s
2022-03-30T16:37:16.148222062Z stdout: CANARY ::> Query 1 completed -> Time = 147.6226315498352.s
2022-03-30T16:37:16.625655022Z stdout: CANARY ::> Query 2 completed -> Time = 148.0999436378479.s
2022-03-30T16:37:16.664002679Z stdout: CANARY ::> Query 3 completed -> Time = 148.13829803466797.s
2022-03-30T16:37:17.624584595Z stdout: CANARY ::> Query 4 completed -> Time = 149.09898900985718.s
2022-03-30T16:37:17.625305551Z stdout: CANARY ::> Query 5 completed -> Time = 149.09978485107422.s
2022-03-30T16:37:19.664250699Z stdout: CANARY ::> Query 6 completed -> Time = 151.1384961605072.s
2022-03-30T16:37:19.664267544Z stdout: CANARY ::> State 38 collection -> Time = 151.13854050636292.s
2022-03-30T16:37:19.664270786Z stdout: CANARY ::> Iteration 39 starting -> Time = 151.13854837417603.s
2022-03-30T16:37:20.088228776Z stdout: CANARY ::> Query 1 completed -> Time = 151.56256461143494.s
2022-03-30T16:37:20.566154009Z stdout: CANARY ::> Query 2 completed -> Time = 152.04049563407898.s
2022-03-30T16:37:20.604602767Z stdout: CANARY ::> Query 3 completed -> Time = 152.07896971702576.s
2022-03-30T16:37:21.580940194Z stdout: CANARY ::> Query 4 completed -> Time = 153.0552225112915.s
2022-03-30T16:37:21.581780723Z stdout: CANARY ::> Query 5 completed -> Time = 153.05624985694885.s
2022-03-30T16:37:23.598083202Z stdout: CANARY ::> Query 6 completed -> Time = 155.0723819732666.s
2022-03-30T16:37:23.598100781Z stdout: CANARY ::> State 39 collection -> Time = 155.0724265575409.s
2022-03-30T16:37:23.598104479Z stdout: CANARY ::> Iteration 40 starting -> Time = 155.07243490219116.s
2022-03-30T16:37:24.023915342Z stdout: CANARY ::> Query 1 completed -> Time = 155.4981861114502.s
2022-03-30T16:37:24.498363629Z stdout: CANARY ::> Query 2 completed -> Time = 155.9726526737213.s
2022-03-30T16:37:24.536379077Z stdout: CANARY ::> Query 3 completed -> Time = 156.01064920425415.s
2022-03-30T16:37:25.447103445Z stdout: CANARY ::> Query 4 completed -> Time = 156.92138171195984.s
2022-03-30T16:37:25.447670831Z stdout: CANARY ::> Query 5 completed -> Time = 156.9221408367157.s
2022-03-30T16:37:27.469548919Z stdout: CANARY ::> Query 6 completed -> Time = 158.94378662109375.s
2022-03-30T16:37:27.469567131Z stdout: CANARY ::> State 40 collection -> Time = 158.94383263587952.s
2022-03-30T16:37:27.469570141Z stdout: CANARY ::> Iteration 41 starting -> Time = 158.94384121894836.s
2022-03-30T16:37:27.897566105Z stdout: CANARY ::> Query 1 completed -> Time = 159.3718445301056.s
2022-03-30T16:37:28.381483647Z stdout: CANARY ::> Query 2 completed -> Time = 159.85588932037354.s
2022-03-30T16:37:28.419002715Z stdout: CANARY ::> Query 3 completed -> Time = 159.89338493347168.s
2022-03-30T16:37:29.386492393Z stdout: CANARY ::> Query 4 completed -> Time = 160.86075258255005.s
2022-03-30T16:37:29.387388172Z stdout: CANARY ::> Query 5 completed -> Time = 160.8618607521057.s
2022-03-30T16:37:31.402218118Z stdout: CANARY ::> Query 6 completed -> Time = 162.8765549659729.s
2022-03-30T16:37:31.402233499Z stdout: CANARY ::> State 41 collection -> Time = 162.8765971660614.s
2022-03-30T16:37:31.402236536Z stdout: CANARY ::> Iteration 42 starting -> Time = 162.87660360336304.s
2022-03-30T16:37:31.828271227Z stdout: CANARY ::> Query 1 completed -> Time = 163.3025267124176.s
2022-03-30T16:37:32.306188943Z stdout: CANARY ::> Query 2 completed -> Time = 163.780526638031.s
2022-03-30T16:37:32.344249269Z stdout: CANARY ::> Query 3 completed -> Time = 163.81860423088074.s
2022-03-30T16:37:33.237525308Z stdout: CANARY ::> Query 4 completed -> Time = 164.7118592262268.s
2022-03-30T16:37:33.238276735Z stdout: CANARY ::> Query 5 completed -> Time = 164.71275544166565.s
2022-03-30T16:37:35.263422828Z stdout: CANARY ::> Query 6 completed -> Time = 166.73782110214233.s
2022-03-30T16:37:35.26344728Z  stdout: CANARY ::> State 42 collection -> Time = 166.7378649711609.s
2022-03-30T16:37:35.263450844Z stdout: CANARY ::> Iteration 43 starting -> Time = 166.73787236213684.s
2022-03-30T16:37:35.693583657Z stdout: CANARY ::> Query 1 completed -> Time = 167.16786170005798.s
2022-03-30T16:37:36.175443293Z stdout: CANARY ::> Query 2 completed -> Time = 167.6497666835785.s
2022-03-30T16:37:36.214607213Z stdout: CANARY ::> Query 3 completed -> Time = 167.68900680541992.s
2022-03-30T16:37:37.105028719Z stdout: CANARY ::> Query 4 completed -> Time = 168.579434633255.s
2022-03-30T16:37:37.105938666Z stdout: CANARY ::> Query 5 completed -> Time = 168.58041954040527.s
2022-03-30T16:37:39.088993329Z stdout: CANARY ::> Query 6 completed -> Time = 170.5632426738739.s
2022-03-30T16:37:39.089027837Z stdout: CANARY ::> State 43 collection -> Time = 170.56328511238098.s
2022-03-30T16:37:39.089031169Z stdout: CANARY ::> Iteration 44 starting -> Time = 170.5632927417755.s
2022-03-30T16:37:39.51419318Z  stdout: CANARY ::> Query 1 completed -> Time = 170.98855686187744.s
2022-03-30T16:37:39.991321275Z stdout: CANARY ::> Query 2 completed -> Time = 171.46559262275696.s
2022-03-30T16:37:40.031092909Z stdout: CANARY ::> Query 3 completed -> Time = 171.50535678863525.s
2022-03-30T16:37:40.970111502Z stdout: CANARY ::> Query 4 completed -> Time = 172.44439339637756.s
2022-03-30T16:37:40.970671103Z stdout: CANARY ::> Query 5 completed -> Time = 172.44515180587769.s
2022-03-30T16:37:42.982299258Z stdout: CANARY ::> Query 6 completed -> Time = 174.45662903785706.s
2022-03-30T16:37:42.982315763Z stdout: CANARY ::> State 44 collection -> Time = 174.45667099952698.s
2022-03-30T16:37:42.982318781Z stdout: CANARY ::> Iteration 45 starting -> Time = 174.4566776752472.s
2022-03-30T16:37:43.408089609Z stdout: CANARY ::> Query 1 completed -> Time = 174.882337808609.s
2022-03-30T16:37:43.885306234Z stdout: CANARY ::> Query 2 completed -> Time = 175.35958433151245.s
2022-03-30T16:37:43.919944748Z stdout: CANARY ::> Query 3 completed -> Time = 175.39424753189087.s
2022-03-30T16:37:44.872593289Z stdout: CANARY ::> Query 4 completed -> Time = 176.34690022468567.s
2022-03-30T16:37:44.873362821Z stdout: CANARY ::> Query 5 completed -> Time = 176.34784722328186.s
2022-03-30T16:37:46.863712364Z stdout: CANARY ::> Query 6 completed -> Time = 178.33795189857483.s
2022-03-30T16:37:46.863731712Z stdout: CANARY ::> State 45 collection -> Time = 178.33799028396606.s
2022-03-30T16:37:46.863735053Z stdout: CANARY ::> Iteration 46 starting -> Time = 178.3379988670349.s
2022-03-30T16:37:47.292144552Z stdout: CANARY ::> Query 1 completed -> Time = 178.7664885520935.s
2022-03-30T16:37:47.770613381Z stdout: CANARY ::> Query 2 completed -> Time = 179.24490785598755.s
2022-03-30T16:37:47.807526723Z stdout: CANARY ::> Query 3 completed -> Time = 179.28189897537231.s
2022-03-30T16:37:48.772820648Z stdout: CANARY ::> Query 4 completed -> Time = 180.2471628189087.s
2022-03-30T16:37:48.773526241Z stdout: CANARY ::> Query 5 completed -> Time = 180.2480170726776.s
2022-03-30T16:37:50.804924738Z stdout: CANARY ::> Query 6 completed -> Time = 182.2792992591858.s
2022-03-30T16:37:50.804946559Z stdout: CANARY ::> State 46 collection -> Time = 182.27934288978577.s
2022-03-30T16:37:50.804950208Z stdout: CANARY ::> Iteration 47 starting -> Time = 182.27935028076172.s
2022-03-30T16:37:51.232021658Z stdout: CANARY ::> Query 1 completed -> Time = 182.70631885528564.s
2022-03-30T16:37:51.708350892Z stdout: CANARY ::> Query 2 completed -> Time = 183.1826422214508.s
2022-03-30T16:37:51.742484701Z stdout: CANARY ::> Query 3 completed -> Time = 183.21683025360107.s
2022-03-30T16:37:52.656831111Z stdout: CANARY ::> Query 4 completed -> Time = 184.13123559951782.s
2022-03-30T16:37:52.657888813Z stdout: CANARY ::> Query 5 completed -> Time = 184.13237500190735.s
2022-03-30T16:37:54.692177138Z stdout: CANARY ::> Query 6 completed -> Time = 186.16640830039978.s
2022-03-30T16:37:54.692195336Z stdout: CANARY ::> State 47 collection -> Time = 186.16644525527954.s
2022-03-30T16:37:54.692198295Z stdout: CANARY ::> Iteration 48 starting -> Time = 186.1664538383484.s
2022-03-30T16:37:55.124819534Z stdout: CANARY ::> Query 1 completed -> Time = 186.5990855693817.s
2022-03-30T16:37:55.601756807Z stdout: CANARY ::> Query 2 completed -> Time = 187.07602286338806.s
2022-03-30T16:37:55.640798648Z stdout: CANARY ::> Query 3 completed -> Time = 187.1150825023651.s
2022-03-30T16:37:56.547384263Z stdout: CANARY ::> Query 4 completed -> Time = 188.02171778678894.s
2022-03-30T16:37:56.54802604Z  stdout: CANARY ::> Query 5 completed -> Time = 188.02250361442566.s
2022-03-30T16:37:58.559544243Z stdout: CANARY ::> Query 6 completed -> Time = 190.0338716506958.s
2022-03-30T16:37:58.559567321Z stdout: CANARY ::> State 48 collection -> Time = 190.033917427063.s
2022-03-30T16:37:58.559570289Z stdout: CANARY ::> Iteration 49 starting -> Time = 190.03392553329468.s
2022-03-30T16:37:58.987789078Z stdout: CANARY ::> Query 1 completed -> Time = 190.46210718154907.s
2022-03-30T16:37:59.464099019Z stdout: CANARY ::> Query 2 completed -> Time = 190.93846368789673.s
2022-03-30T16:37:59.503011595Z stdout: CANARY ::> Query 3 completed -> Time = 190.977441072464.s
2022-03-30T16:38:00.460043823Z stdout: CANARY ::> Query 4 completed -> Time = 191.93433284759521.s
2022-03-30T16:38:00.460907532Z stdout: CANARY ::> Query 5 completed -> Time = 191.93538618087769.s
2022-03-30T16:38:02.488169475Z stdout: CANARY ::> Query 6 completed -> Time = 193.9624400138855.s
2022-03-30T16:38:02.488187854Z stdout: CANARY ::> State 49 collection -> Time = 193.96248269081116.s
2022-03-30T16:38:02.488190984Z stdout: CANARY ::> Iteration 50 starting -> Time = 193.9624900817871.s
2022-03-30T16:38:02.916604511Z stdout: CANARY ::> Query 1 completed -> Time = 194.39085721969604.s
2022-03-30T16:38:03.395634767Z stdout: CANARY ::> Query 2 completed -> Time = 194.86998200416565.s
2022-03-30T16:38:03.435227062Z stdout: CANARY ::> Query 3 completed -> Time = 194.9096496105194.s
2022-03-30T16:38:04.330706084Z stdout: CANARY ::> Query 4 completed -> Time = 195.8050377368927.s
2022-03-30T16:38:04.331271246Z stdout: CANARY ::> Query 5 completed -> Time = 195.80575442314148.s
2022-03-30T16:38:06.357047749Z stdout: CANARY ::> Query 6 completed -> Time = 197.8313910961151.s
2022-03-30T16:38:06.357066012Z stdout: CANARY ::> State 50 collection -> Time = 197.8314368724823.s
2022-03-30T16:38:06.357069077Z stdout: CANARY ::> Iteration 51 starting -> Time = 197.83144545555115.s
2022-03-30T16:38:06.784438765Z stdout: CANARY ::> Query 1 completed -> Time = 198.2587652206421.s
2022-03-30T16:38:07.25985723Z  stdout: CANARY ::> Query 2 completed -> Time = 198.7341742515564.s
2022-03-30T16:38:07.294803406Z stdout: CANARY ::> Query 3 completed -> Time = 198.76915955543518.s
2022-03-30T16:38:08.195903357Z stdout: CANARY ::> Query 4 completed -> Time = 199.67017197608948.s
2022-03-30T16:38:08.197212597Z stdout: CANARY ::> Query 5 completed -> Time = 199.67151832580566.s
2022-03-30T16:38:10.174293782Z stdout: CANARY ::> Query 6 completed -> Time = 201.64853763580322.s
2022-03-30T16:38:10.174310765Z stdout: CANARY ::> State 51 collection -> Time = 201.64858055114746.s
2022-03-30T16:38:10.174314048Z stdout: CANARY ::> Iteration 52 starting -> Time = 201.64858961105347.s
2022-03-30T16:38:10.601258983Z stdout: CANARY ::> Query 1 completed -> Time = 202.07554626464844.s
2022-03-30T16:38:11.079765812Z stdout: CANARY ::> Query 2 completed -> Time = 202.55398607254028.s
2022-03-30T16:38:11.11816033Z  stdout: CANARY ::> Query 3 completed -> Time = 202.59245443344116.s
2022-03-30T16:38:12.064960469Z stdout: CANARY ::> Query 4 completed -> Time = 203.53923296928406.s
2022-03-30T16:38:12.065665687Z stdout: CANARY ::> Query 5 completed -> Time = 203.5400743484497.s
2022-03-30T16:38:14.083774666Z stdout: CANARY ::> Query 6 completed -> Time = 205.55801248550415.s
2022-03-30T16:38:14.08380475Z  stdout: CANARY ::> State 52 collection -> Time = 205.5580551624298.s
2022-03-30T16:38:14.083808086Z stdout: CANARY ::> Iteration 53 starting -> Time = 205.55806159973145.s
2022-03-30T16:38:14.509263088Z stdout: CANARY ::> Query 1 completed -> Time = 205.98353219032288.s
2022-03-30T16:38:14.999622675Z stdout: CANARY ::> Query 2 completed -> Time = 206.4739010334015.s
2022-03-30T16:38:15.03835617Z  stdout: CANARY ::> Query 3 completed -> Time = 206.5127878189087.s
2022-03-30T16:38:15.911843739Z stdout: CANARY ::> Query 4 completed -> Time = 207.38621830940247.s
2022-03-30T16:38:15.913054156Z stdout: CANARY ::> Query 5 completed -> Time = 207.3875288963318.s
2022-03-30T16:38:17.929070561Z stdout: CANARY ::> Query 6 completed -> Time = 209.40340065956116.s
2022-03-30T16:38:17.929088215Z stdout: CANARY ::> State 53 collection -> Time = 209.40344142913818.s
2022-03-30T16:38:17.929091148Z stdout: CANARY ::> Iteration 54 starting -> Time = 209.40344953536987.s
2022-03-30T16:38:18.354743186Z stdout: CANARY ::> Query 1 completed -> Time = 209.82900142669678.s
2022-03-30T16:38:18.831806166Z stdout: CANARY ::> Query 2 completed -> Time = 210.30607199668884.s
2022-03-30T16:38:18.872022924Z stdout: CANARY ::> Query 3 completed -> Time = 210.34630966186523.s
2022-03-30T16:38:19.834105236Z stdout: CANARY ::> Query 4 completed -> Time = 211.30840492248535.s
2022-03-30T16:38:19.835149348Z stdout: CANARY ::> Query 5 completed -> Time = 211.30961894989014.s
2022-03-30T16:38:21.860739125Z stdout: CANARY ::> Query 6 completed -> Time = 213.33501267433167.s
2022-03-30T16:38:21.86075582Z  stdout: CANARY ::> State 54 collection -> Time = 213.3350567817688.s
2022-03-30T16:38:21.860758933Z stdout: CANARY ::> Iteration 55 starting -> Time = 213.33506512641907.s
2022-03-30T16:38:22.289211263Z stdout: CANARY ::> Query 1 completed -> Time = 213.76359367370605.s
2022-03-30T16:38:22.781272315Z stdout: CANARY ::> Query 2 completed -> Time = 214.2556722164154.s
2022-03-30T16:38:22.819979979Z stdout: CANARY ::> Query 3 completed -> Time = 214.29442596435547.s
2022-03-30T16:38:23.718279264Z stdout: CANARY ::> Query 4 completed -> Time = 215.1926348209381.s
2022-03-30T16:38:23.719308711Z stdout: CANARY ::> Query 5 completed -> Time = 215.19378304481506.s
2022-03-30T16:38:25.735476274Z stdout: CANARY ::> Query 6 completed -> Time = 217.20979952812195.s
2022-03-30T16:38:25.73549264Z  stdout: CANARY ::> State 55 collection -> Time = 217.20984363555908.s
2022-03-30T16:38:25.735495804Z stdout: CANARY ::> Iteration 56 starting -> Time = 217.20985054969788.s
2022-03-30T16:38:26.168069481Z stdout: CANARY ::> Query 1 completed -> Time = 217.64231514930725.s
2022-03-30T16:38:26.643934975Z stdout: CANARY ::> Query 2 completed -> Time = 218.11820936203003.s
2022-03-30T16:38:26.682186609Z stdout: CANARY ::> Query 3 completed -> Time = 218.15650153160095.s
2022-03-30T16:38:27.638867357Z stdout: CANARY ::> Query 4 completed -> Time = 219.11328434944153.s
2022-03-30T16:38:27.639514832Z stdout: CANARY ::> Query 5 completed -> Time = 219.1140010356903.s
2022-03-30T16:38:29.653071096Z stdout: CANARY ::> Query 6 completed -> Time = 221.12726426124573.s
2022-03-30T16:38:29.653089483Z stdout: CANARY ::> State 56 collection -> Time = 221.12733721733093.s
2022-03-30T16:38:29.653092431Z stdout: CANARY ::> Iteration 57 starting -> Time = 221.12734651565552.s
2022-03-30T16:38:30.096752424Z stdout: CANARY ::> Query 1 completed -> Time = 221.57100367546082.s
2022-03-30T16:38:30.574226112Z stdout: CANARY ::> Query 2 completed -> Time = 222.0484676361084.s
2022-03-30T16:38:30.613487721Z stdout: CANARY ::> Query 3 completed -> Time = 222.0877766609192.s
2022-03-30T16:38:31.531300291Z stdout: CANARY ::> Query 4 completed -> Time = 223.00560975074768.s
2022-03-30T16:38:31.532336921Z stdout: CANARY ::> Query 5 completed -> Time = 223.00681853294373.s
2022-03-30T16:38:33.535200867Z stdout: CANARY ::> Query 6 completed -> Time = 225.00952219963074.s
2022-03-30T16:38:33.535218714Z stdout: CANARY ::> State 57 collection -> Time = 225.0095682144165.s
2022-03-30T16:38:33.535221791Z stdout: CANARY ::> Iteration 58 starting -> Time = 225.0095763206482.s
2022-03-30T16:38:33.959571363Z stdout: CANARY ::> Query 1 completed -> Time = 225.43387866020203.s
2022-03-30T16:38:34.436616891Z stdout: CANARY ::> Query 2 completed -> Time = 225.91088843345642.s
2022-03-30T16:38:34.474642741Z stdout: CANARY ::> Query 3 completed -> Time = 225.94893836975098.s
2022-03-30T16:38:35.426871484Z stdout: CANARY ::> Query 4 completed -> Time = 226.90116047859192.s
2022-03-30T16:38:35.427442424Z stdout: CANARY ::> Query 5 completed -> Time = 226.90192890167236.s
2022-03-30T16:38:37.451648025Z stdout: CANARY ::> Query 6 completed -> Time = 228.92604565620422.s
2022-03-30T16:38:37.451668449Z stdout: CANARY ::> State 58 collection -> Time = 228.92608952522278.s
2022-03-30T16:38:37.451671909Z stdout: CANARY ::> Iteration 59 starting -> Time = 228.9260983467102.s
2022-03-30T16:38:37.880891238Z stdout: CANARY ::> Query 1 completed -> Time = 229.35516715049744.s
2022-03-30T16:38:38.391998327Z stdout: CANARY ::> Query 2 completed -> Time = 229.86625957489014.s
2022-03-30T16:38:38.431606124Z stdout: CANARY ::> Query 3 completed -> Time = 229.90589594841003.s
2022-03-30T16:38:39.384127088Z stdout: CANARY ::> Query 4 completed -> Time = 230.8583698272705.s
2022-03-30T16:38:39.384918018Z stdout: CANARY ::> Query 5 completed -> Time = 230.85933470726013.s
2022-03-30T16:38:41.410677421Z stdout: CANARY ::> Query 6 completed -> Time = 232.8850154876709.s
2022-03-30T16:38:41.41069445Z  stdout: CANARY ::> State 59 collection -> Time = 232.8850657939911.s
2022-03-30T16:38:41.410697973Z stdout: CANARY ::> Iteration 60 starting -> Time = 232.88507342338562.s
2022-03-30T16:38:41.836777402Z stdout: CANARY ::> Query 1 completed -> Time = 233.31105184555054.s
2022-03-30T16:38:42.314202669Z stdout: CANARY ::> Query 2 completed -> Time = 233.78848314285278.s
2022-03-30T16:38:42.354189438Z stdout: CANARY ::> Query 3 completed -> Time = 233.82854652404785.s
2022-03-30T16:38:43.247258575Z stdout: CANARY ::> Query 4 completed -> Time = 234.7216145992279.s
2022-03-30T16:38:43.248231005Z stdout: CANARY ::> Query 5 completed -> Time = 234.72270894050598.s
2022-03-30T16:38:45.256305492Z stdout: CANARY ::> Query 6 completed -> Time = 236.7305872440338.s
2022-03-30T16:38:45.256322001Z stdout: CANARY ::> State 60 collection -> Time = 236.7306308746338.s
2022-03-30T16:38:45.256325022Z stdout: CANARY ::> Iteration 61 starting -> Time = 236.73063969612122.s
2022-03-30T16:38:45.682210014Z stdout: CANARY ::> Query 1 completed -> Time = 237.15646409988403.s
2022-03-30T16:38:46.162827853Z stdout: CANARY ::> Query 2 completed -> Time = 237.63710045814514.s
2022-03-30T16:38:46.200096775Z stdout: CANARY ::> Query 3 completed -> Time = 237.6744360923767.s
2022-03-30T16:38:47.160502931Z stdout: CANARY ::> Query 4 completed -> Time = 238.63491868972778.s
2022-03-30T16:38:47.16131508Z  stdout: CANARY ::> Query 5 completed -> Time = 238.63579654693604.s
2022-03-30T16:38:49.164063781Z stdout: CANARY ::> Query 6 completed -> Time = 240.63834500312805.s
2022-03-30T16:38:49.164080671Z stdout: CANARY ::> State 61 collection -> Time = 240.6383876800537.s
2022-03-30T16:38:49.164093385Z stdout: CANARY ::> Iteration 62 starting -> Time = 240.6383957862854.s
2022-03-30T16:38:49.587162103Z stdout: CANARY ::> Query 1 completed -> Time = 241.06153059005737.s
2022-03-30T16:38:50.061127485Z stdout: CANARY ::> Query 2 completed -> Time = 241.53536796569824.s
2022-03-30T16:38:50.095357707Z stdout: CANARY ::> Query 3 completed -> Time = 241.56967997550964.s
2022-03-30T16:38:51.051611588Z stdout: CANARY ::> Query 4 completed -> Time = 242.52596879005432.s
2022-03-30T16:38:51.052488224Z stdout: CANARY ::> Query 5 completed -> Time = 242.52696347236633.s
2022-03-30T16:38:53.080785005Z stdout: CANARY ::> Query 6 completed -> Time = 244.55512022972107.s
2022-03-30T16:38:53.080801983Z stdout: CANARY ::> State 62 collection -> Time = 244.55516743659973.s
2022-03-30T16:38:53.080804545Z stdout: CANARY ::> Iteration 63 starting -> Time = 244.5551745891571.s
2022-03-30T16:38:53.509813162Z stdout: CANARY ::> Query 1 completed -> Time = 244.9841136932373.s
2022-03-30T16:38:54.009153782Z stdout: CANARY ::> Query 2 completed -> Time = 245.4834976196289.s
2022-03-30T16:38:54.047547979Z stdout: CANARY ::> Query 3 completed -> Time = 245.52191972732544.s
2022-03-30T16:38:54.97385043Z  stdout: CANARY ::> Query 4 completed -> Time = 246.44821882247925.s
2022-03-30T16:38:54.974681952Z stdout: CANARY ::> Query 5 completed -> Time = 246.4491651058197.s
2022-03-30T16:38:56.983367528Z stdout: CANARY ::> Query 6 completed -> Time = 248.4576199054718.s
2022-03-30T16:38:56.983385189Z stdout: CANARY ::> State 63 collection -> Time = 248.45766305923462.s
2022-03-30T16:38:56.9833882Z   stdout: CANARY ::> Iteration 64 starting -> Time = 248.45767164230347.s
2022-03-30T16:38:57.408546231Z stdout: CANARY ::> Query 1 completed -> Time = 248.88289642333984.s
2022-03-30T16:38:57.885394606Z stdout: CANARY ::> Query 2 completed -> Time = 249.35963940620422.s
2022-03-30T16:38:57.925241254Z stdout: CANARY ::> Query 3 completed -> Time = 249.39951181411743.s
2022-03-30T16:38:58.815561182Z stdout: CANARY ::> Query 4 completed -> Time = 250.28995084762573.s
2022-03-30T16:38:58.816538187Z stdout: CANARY ::> Query 5 completed -> Time = 250.2910099029541.s
2022-03-30T16:39:00.959185875Z stdout: CANARY ::> Query 6 completed -> Time = 252.4334843158722.s
2022-03-30T16:39:00.959204142Z stdout: CANARY ::> State 64 collection -> Time = 252.43352961540222.s
2022-03-30T16:39:00.959207372Z stdout: CANARY ::> Iteration 65 starting -> Time = 252.43353843688965.s
2022-03-30T16:39:01.388194972Z stdout: CANARY ::> Query 1 completed -> Time = 252.86247086524963.s
2022-03-30T16:39:01.862781937Z stdout: CANARY ::> Query 2 completed -> Time = 253.3370542526245.s
2022-03-30T16:39:01.901235125Z stdout: CANARY ::> Query 3 completed -> Time = 253.3756639957428.s
2022-03-30T16:39:02.834596302Z stdout: CANARY ::> Query 4 completed -> Time = 254.30894112586975.s
2022-03-30T16:39:02.835356699Z stdout: CANARY ::> Query 5 completed -> Time = 254.30983567237854.s
2022-03-30T16:39:04.854471955Z stdout: CANARY ::> Query 6 completed -> Time = 256.3287208080292.s
2022-03-30T16:39:04.854487622Z stdout: CANARY ::> State 65 collection -> Time = 256.3287661075592.s
2022-03-30T16:39:04.854490251Z stdout: CANARY ::> Iteration 66 starting -> Time = 256.3287744522095.s
2022-03-30T16:39:05.285031375Z stdout: CANARY ::> Query 1 completed -> Time = 256.75937819480896.s
2022-03-30T16:39:05.763238054Z stdout: CANARY ::> Query 2 completed -> Time = 257.2375559806824.s
2022-03-30T16:39:05.803023294Z stdout: CANARY ::> Query 3 completed -> Time = 257.2774443626404.s
2022-03-30T16:39:06.720420363Z stdout: CANARY ::> Query 4 completed -> Time = 258.1947023868561.s
2022-03-30T16:39:06.721153992Z stdout: CANARY ::> Query 5 completed -> Time = 258.1956400871277.s
2022-03-30T16:39:08.737157705Z stdout: CANARY ::> Query 6 completed -> Time = 260.2114272117615.s
2022-03-30T16:39:08.737175391Z stdout: CANARY ::> State 66 collection -> Time = 260.21147084236145.s
2022-03-30T16:39:08.737178751Z stdout: CANARY ::> Iteration 67 starting -> Time = 260.211478471756.s
2022-03-30T16:39:09.165120777Z stdout: CANARY ::> Query 1 completed -> Time = 260.6393871307373.s
2022-03-30T16:39:09.640768287Z stdout: CANARY ::> Query 2 completed -> Time = 261.1150269508362.s
2022-03-30T16:39:09.679039882Z stdout: CANARY ::> Query 3 completed -> Time = 261.15342378616333.s
2022-03-30T16:39:10.610853949Z stdout: CANARY ::> Query 4 completed -> Time = 262.085218667984.s
2022-03-30T16:39:10.611475618Z stdout: CANARY ::> Query 5 completed -> Time = 262.0859603881836.s
2022-03-30T16:39:12.634702957Z stdout: CANARY ::> Query 6 completed -> Time = 264.10893392562866.s
2022-03-30T16:39:12.634721045Z stdout: CANARY ::> State 67 collection -> Time = 264.1089918613434.s
2022-03-30T16:39:12.634724509Z stdout: CANARY ::> Iteration 68 starting -> Time = 264.1090016365051.s
2022-03-30T16:39:13.060364278Z stdout: CANARY ::> Query 1 completed -> Time = 264.5346975326538.s
2022-03-30T16:39:13.536095522Z stdout: CANARY ::> Query 2 completed -> Time = 265.0103313922882.s
2022-03-30T16:39:13.575973993Z stdout: CANARY ::> Query 3 completed -> Time = 265.0503375530243.s
2022-03-30T16:39:14.464453141Z stdout: CANARY ::> Query 4 completed -> Time = 265.9387946128845.s
2022-03-30T16:39:14.465155023Z stdout: CANARY ::> Query 5 completed -> Time = 265.93964099884033.s
2022-03-30T16:39:16.481155042Z stdout: CANARY ::> Query 6 completed -> Time = 267.95549964904785.s
2022-03-30T16:39:16.481171751Z stdout: CANARY ::> State 68 collection -> Time = 267.955543756485.s
2022-03-30T16:39:16.481174531Z stdout: CANARY ::> Iteration 69 starting -> Time = 267.95555114746094.s
2022-03-30T16:39:16.91063416Z  stdout: CANARY ::> Query 1 completed -> Time = 268.3848674297333.s
2022-03-30T16:39:17.38940286Z  stdout: CANARY ::> Query 2 completed -> Time = 268.86366534233093.s
2022-03-30T16:39:17.426998885Z stdout: CANARY ::> Query 3 completed -> Time = 268.9013237953186.s
2022-03-30T16:39:18.352450512Z stdout: CANARY ::> Query 4 completed -> Time = 269.8267982006073.s
2022-03-30T16:39:18.352995359Z stdout: CANARY ::> Query 5 completed -> Time = 269.82748079299927.s
2022-03-30T16:39:20.368532658Z stdout: CANARY ::> Query 6 completed -> Time = 271.84285855293274.s
2022-03-30T16:39:20.368548818Z stdout: CANARY ::> State 69 collection -> Time = 271.8429036140442.s
2022-03-30T16:39:20.368551629Z stdout: CANARY ::> Iteration 70 starting -> Time = 271.8429114818573.s
2022-03-30T16:39:20.797200279Z stdout: CANARY ::> Query 1 completed -> Time = 272.2714717388153.s
2022-03-30T16:39:21.278049173Z stdout: CANARY ::> Query 2 completed -> Time = 272.7523272037506.s
2022-03-30T16:39:21.317542878Z stdout: CANARY ::> Query 3 completed -> Time = 272.7918384075165.s
2022-03-30T16:39:22.269376588Z stdout: CANARY ::> Query 4 completed -> Time = 273.74378871917725.s
2022-03-30T16:39:22.270037197Z stdout: CANARY ::> Query 5 completed -> Time = 273.7445149421692.s
2022-03-30T16:39:24.288294112Z stdout: CANARY ::> Query 6 completed -> Time = 275.7625513076782.s
2022-03-30T16:39:24.288313709Z stdout: CANARY ::> State 70 collection -> Time = 275.7625958919525.s
2022-03-30T16:39:24.288317298Z stdout: CANARY ::> Iteration 71 starting -> Time = 275.7626039981842.s
2022-03-30T16:39:24.713844603Z stdout: CANARY ::> Query 1 completed -> Time = 276.1881742477417.s
2022-03-30T16:39:25.190539097Z stdout: CANARY ::> Query 2 completed -> Time = 276.6648461818695.s
2022-03-30T16:39:25.2300206Z   stdout: CANARY ::> Query 3 completed -> Time = 276.70438838005066.s
2022-03-30T16:39:26.192456444Z stdout: CANARY ::> Query 4 completed -> Time = 277.6667523384094.s
2022-03-30T16:39:26.19316359Z  stdout: CANARY ::> Query 5 completed -> Time = 277.6676480770111.s
2022-03-30T16:39:28.242604164Z stdout: CANARY ::> Query 6 completed -> Time = 279.7168776988983.s
2022-03-30T16:39:28.242621797Z stdout: CANARY ::> State 71 collection -> Time = 279.7169189453125.s
2022-03-30T16:39:28.242624773Z stdout: CANARY ::> Iteration 72 starting -> Time = 279.7169256210327.s
2022-03-30T16:39:28.672888246Z stdout: CANARY ::> Query 1 completed -> Time = 280.1471920013428.s
2022-03-30T16:39:29.150214657Z stdout: CANARY ::> Query 2 completed -> Time = 280.6245229244232.s
2022-03-30T16:39:29.190020709Z stdout: CANARY ::> Query 3 completed -> Time = 280.6643033027649.s
2022-03-30T16:39:30.109748135Z stdout: CANARY ::> Query 4 completed -> Time = 281.5840280056.s
2022-03-30T16:39:30.110068086Z stdout: CANARY ::> Query 5 completed -> Time = 281.5845546722412.s
2022-03-30T16:39:32.125369249Z stdout: CANARY ::> Query 6 completed -> Time = 283.5996046066284.s
2022-03-30T16:39:32.125388026Z stdout: CANARY ::> State 72 collection -> Time = 283.59965348243713.s
2022-03-30T16:39:32.125398709Z stdout: CANARY ::> Iteration 73 starting -> Time = 283.59966135025024.s
2022-03-30T16:39:32.552211929Z stdout: CANARY ::> Query 1 completed -> Time = 284.02663016319275.s
2022-03-30T16:39:33.031338181Z stdout: CANARY ::> Query 2 completed -> Time = 284.50562357902527.s
2022-03-30T16:39:33.071759012Z stdout: CANARY ::> Query 3 completed -> Time = 284.54609060287476.s
2022-03-30T16:39:34.044216518Z stdout: CANARY ::> Query 4 completed -> Time = 285.5185284614563.s
2022-03-30T16:39:34.044709468Z stdout: CANARY ::> Query 5 completed -> Time = 285.5191991329193.s
2022-03-30T16:39:36.082656195Z stdout: CANARY ::> Query 6 completed -> Time = 287.55700278282166.s
2022-03-30T16:39:36.082675986Z stdout: CANARY ::> State 73 collection -> Time = 287.55704498291016.s
2022-03-30T16:39:36.082678831Z stdout: CANARY ::> Iteration 74 starting -> Time = 287.5570538043976.s
2022-03-30T16:39:36.5113697Z   stdout: CANARY ::> Query 1 completed -> Time = 287.9857153892517.s
2022-03-30T16:39:36.98858549Z  stdout: CANARY ::> Query 2 completed -> Time = 288.462931394577.s
2022-03-30T16:39:37.026856124Z stdout: CANARY ::> Query 3 completed -> Time = 288.5012397766113.s
2022-03-30T16:39:37.980115361Z stdout: CANARY ::> Query 4 completed -> Time = 289.45439529418945.s
2022-03-30T16:39:37.981501635Z stdout: CANARY ::> Query 5 completed -> Time = 289.45585680007935.s
2022-03-30T16:39:39.976224015Z stdout: CANARY ::> Query 6 completed -> Time = 291.4505469799042.s
2022-03-30T16:39:39.976243132Z stdout: CANARY ::> State 74 collection -> Time = 291.45059156417847.s
2022-03-30T16:39:39.976246402Z stdout: CANARY ::> Iteration 75 starting -> Time = 291.45060086250305.s
2022-03-30T16:39:40.403539475Z stdout: CANARY ::> Query 1 completed -> Time = 291.87788438796997.s
2022-03-30T16:39:40.879081331Z stdout: CANARY ::> Query 2 completed -> Time = 292.3534297943115.s
2022-03-30T16:39:40.919549932Z stdout: CANARY ::> Query 3 completed -> Time = 292.3938410282135.s
2022-03-30T16:39:41.87248908Z  stdout: CANARY ::> Query 4 completed -> Time = 293.34677267074585.s
2022-03-30T16:39:41.872935214Z stdout: CANARY ::> Query 5 completed -> Time = 293.3474214076996.s
2022-03-30T16:39:43.841383046Z stdout: CANARY ::> Query 6 completed -> Time = 295.3156521320343.s
2022-03-30T16:39:43.84140117Z  stdout: CANARY ::> State 75 collection -> Time = 295.3156957626343.s
2022-03-30T16:39:43.841404613Z stdout: CANARY ::> Iteration 76 starting -> Time = 295.31570386886597.s
2022-03-30T16:39:44.268328115Z stdout: CANARY ::> Query 1 completed -> Time = 295.74260449409485.s
2022-03-30T16:39:44.739107149Z stdout: CANARY ::> Query 2 completed -> Time = 296.21334648132324.s
2022-03-30T16:39:44.778411008Z stdout: CANARY ::> Query 3 completed -> Time = 296.2527391910553.s
2022-03-30T16:39:45.623942389Z stdout: CANARY ::> Query 4 completed -> Time = 297.0982196331024.s
2022-03-30T16:39:45.624515865Z stdout: CANARY ::> Query 5 completed -> Time = 297.09897089004517.s
2022-03-30T16:39:47.599861822Z stdout: CANARY ::> Query 6 completed -> Time = 299.0740897655487.s
2022-03-30T16:39:47.599901906Z stdout: CANARY ::> State 76 collection -> Time = 299.0741379261017.s
2022-03-30T16:39:47.59991129Z  stdout: CANARY ::> Iteration 77 starting -> Time = 299.07414722442627.s
2022-03-30T16:39:48.024793499Z stdout: CANARY ::> Query 1 completed -> Time = 299.4990699291229.s
2022-03-30T16:39:48.499882083Z stdout: CANARY ::> Query 2 completed -> Time = 299.97421050071716.s
2022-03-30T16:39:48.538766937Z stdout: CANARY ::> Query 3 completed -> Time = 300.0130994319916.s
2022-03-30T16:39:49.424001078Z stdout: CANARY ::> Query 4 completed -> Time = 300.89834928512573.s
2022-03-30T16:39:49.424498981Z stdout: CANARY ::> Query 5 completed -> Time = 300.898964881897.s
2022-03-30T16:39:51.45611439Z  stdout: CANARY ::> Query 6 completed -> Time = 302.93037843704224.s
2022-03-30T16:39:51.456132693Z stdout: CANARY ::> State 77 collection -> Time = 302.93042254447937.s
2022-03-30T16:39:51.456135663Z stdout: CANARY ::> Iteration 78 starting -> Time = 302.9304304122925.s
2022-03-30T16:39:51.883431343Z stdout: CANARY ::> Query 1 completed -> Time = 303.3577194213867.s
2022-03-30T16:39:52.375543882Z stdout: CANARY ::> Query 2 completed -> Time = 303.84978914260864.s
2022-03-30T16:39:52.41520117Z  stdout: CANARY ::> Query 3 completed -> Time = 303.8895525932312.s
2022-03-30T16:39:53.327869404Z stdout: CANARY ::> Query 4 completed -> Time = 304.80214738845825.s
2022-03-30T16:39:53.328351712Z stdout: CANARY ::> Query 5 completed -> Time = 304.8028290271759.s
2022-03-30T16:39:55.324943855Z stdout: CANARY ::> Query 6 completed -> Time = 306.79927825927734.s
2022-03-30T16:39:55.324960283Z stdout: CANARY ::> State 78 collection -> Time = 306.79932141304016.s
2022-03-30T16:39:55.324963255Z stdout: CANARY ::> Iteration 79 starting -> Time = 306.79932951927185.s
2022-03-30T16:39:55.751244301Z stdout: CANARY ::> Query 1 completed -> Time = 307.2255492210388.s
2022-03-30T16:39:56.230354764Z stdout: CANARY ::> Query 2 completed -> Time = 307.70464754104614.s
2022-03-30T16:39:56.264491361Z stdout: CANARY ::> Query 3 completed -> Time = 307.7388582229614.s
2022-03-30T16:39:57.222336872Z stdout: CANARY ::> Query 4 completed -> Time = 308.69659399986267.s
2022-03-30T16:39:57.222709323Z stdout: CANARY ::> Query 5 completed -> Time = 308.69718861579895.s
2022-03-30T16:39:59.251334822Z stdout: CANARY ::> Query 6 completed -> Time = 310.7256143093109.s
2022-03-30T16:39:59.251370442Z stdout: CANARY ::> State 79 collection -> Time = 310.72565627098083.s
2022-03-30T16:39:59.251373497Z stdout: CANARY ::> Iteration 80 starting -> Time = 310.72566294670105.s
2022-03-30T16:39:59.680707658Z stdout: CANARY ::> Query 1 completed -> Time = 311.15497398376465.s
2022-03-30T16:40:00.158046287Z stdout: CANARY ::> Query 2 completed -> Time = 311.632376909256.s
2022-03-30T16:40:00.197425973Z stdout: CANARY ::> Query 3 completed -> Time = 311.67177391052246.s
2022-03-30T16:40:01.147809673Z stdout: CANARY ::> Query 4 completed -> Time = 312.6221544742584.s
2022-03-30T16:40:01.148469126Z stdout: CANARY ::> Query 5 completed -> Time = 312.62295365333557.s
2022-03-30T16:40:03.167415497Z stdout: CANARY ::> Query 6 completed -> Time = 314.64173436164856.s
2022-03-30T16:40:03.167433815Z stdout: CANARY ::> State 80 collection -> Time = 314.6417782306671.s
2022-03-30T16:40:03.167436894Z stdout: CANARY ::> Iteration 81 starting -> Time = 314.64178705215454.s
2022-03-30T16:40:03.592036801Z stdout: CANARY ::> Query 1 completed -> Time = 315.0662851333618.s
2022-03-30T16:40:04.066822283Z stdout: CANARY ::> Query 2 completed -> Time = 315.54115891456604.s
2022-03-30T16:40:04.105700405Z stdout: CANARY ::> Query 3 completed -> Time = 315.580050945282.s
2022-03-30T16:40:05.006172559Z stdout: CANARY ::> Query 4 completed -> Time = 316.4804861545563.s
2022-03-30T16:40:05.006787004Z stdout: CANARY ::> Query 5 completed -> Time = 316.4812710285187.s
2022-03-30T16:40:07.022221327Z stdout: CANARY ::> Query 6 completed -> Time = 318.4966080188751.s
2022-03-30T16:40:07.022239126Z stdout: CANARY ::> State 81 collection -> Time = 318.49665236473083.s
2022-03-30T16:40:07.022241886Z stdout: CANARY ::> Iteration 82 starting -> Time = 318.4966597557068.s
2022-03-30T16:40:07.464894417Z stdout: CANARY ::> Query 1 completed -> Time = 318.93920063972473.s
2022-03-30T16:40:07.936217522Z stdout: CANARY ::> Query 2 completed -> Time = 319.4104869365692.s
2022-03-30T16:40:07.974541222Z stdout: CANARY ::> Query 3 completed -> Time = 319.4488613605499.s
2022-03-30T16:40:08.881671464Z stdout: CANARY ::> Query 4 completed -> Time = 320.3559501171112.s
2022-03-30T16:40:08.88223047Z  stdout: CANARY ::> Query 5 completed -> Time = 320.3567144870758.s
2022-03-30T16:40:10.883620423Z stdout: CANARY ::> Query 6 completed -> Time = 322.35789704322815.s
2022-03-30T16:40:10.883636511Z stdout: CANARY ::> State 82 collection -> Time = 322.3579423427582.s
2022-03-30T16:40:10.883639555Z stdout: CANARY ::> Iteration 83 starting -> Time = 322.35795068740845.s
2022-03-30T16:40:11.316457382Z stdout: CANARY ::> Query 1 completed -> Time = 322.79074716567993.s
2022-03-30T16:40:11.795001095Z stdout: CANARY ::> Query 2 completed -> Time = 323.26935052871704.s
2022-03-30T16:40:11.833862431Z stdout: CANARY ::> Query 3 completed -> Time = 323.30825209617615.s
2022-03-30T16:40:12.738699547Z stdout: CANARY ::> Query 4 completed -> Time = 324.2130489349365.s
2022-03-30T16:40:12.739616697Z stdout: CANARY ::> Query 5 completed -> Time = 324.21408438682556.s
2022-03-30T16:40:14.720278963Z stdout: CANARY ::> Query 6 completed -> Time = 326.1945505142212.s
2022-03-30T16:40:14.7202956Z   stdout: CANARY ::> State 83 collection -> Time = 326.19459342956543.s
2022-03-30T16:40:14.720312679Z stdout: CANARY ::> Iteration 84 starting -> Time = 326.19460129737854.s
2022-03-30T16:40:15.134110288Z stdout: CANARY ::> Query 1 completed -> Time = 326.60836935043335.s
2022-03-30T16:40:15.605264291Z stdout: CANARY ::> Query 2 completed -> Time = 327.0796582698822.s
2022-03-30T16:40:15.644482314Z stdout: CANARY ::> Query 3 completed -> Time = 327.1188781261444.s
2022-03-30T16:40:16.558986289Z stdout: CANARY ::> Query 4 completed -> Time = 328.0333137512207.s
2022-03-30T16:40:16.55959872Z  stdout: CANARY ::> Query 5 completed -> Time = 328.03408336639404.s
2022-03-30T16:40:18.533177406Z stdout: CANARY ::> Query 6 completed -> Time = 330.00743985176086.s
2022-03-30T16:40:18.533195278Z stdout: CANARY ::> State 84 collection -> Time = 330.0074861049652.s
2022-03-30T16:40:18.533198228Z stdout: CANARY ::> Iteration 85 starting -> Time = 330.00749373435974.s
2022-03-30T16:40:18.959042663Z stdout: CANARY ::> Query 1 completed -> Time = 330.43329906463623.s
2022-03-30T16:40:19.431742876Z stdout: CANARY ::> Query 2 completed -> Time = 330.9059889316559.s
2022-03-30T16:40:19.469903092Z stdout: CANARY ::> Query 3 completed -> Time = 330.9443016052246.s
2022-03-30T16:40:20.353883188Z stdout: CANARY ::> Query 4 completed -> Time = 331.82816195487976.s
2022-03-30T16:40:20.354481418Z stdout: CANARY ::> Query 5 completed -> Time = 331.82888531684875.s
2022-03-30T16:40:22.366637624Z stdout: CANARY ::> Query 6 completed -> Time = 333.84093952178955.s
2022-03-30T16:40:22.366653732Z stdout: CANARY ::> State 85 collection -> Time = 333.84099316596985.s
2022-03-30T16:40:22.366656547Z stdout: CANARY ::> Iteration 86 starting -> Time = 333.841002702713.s
2022-03-30T16:40:22.790008076Z stdout: CANARY ::> Query 1 completed -> Time = 334.26427006721497.s
2022-03-30T16:40:23.262932202Z stdout: CANARY ::> Query 2 completed -> Time = 334.737202167511.s
2022-03-30T16:40:23.30086959Z  stdout: CANARY ::> Query 3 completed -> Time = 334.77525448799133.s
2022-03-30T16:40:24.270753114Z stdout: CANARY ::> Query 4 completed -> Time = 335.7450792789459.s
2022-03-30T16:40:24.271287275Z stdout: CANARY ::> Query 5 completed -> Time = 335.74575638771057.s
2022-03-30T16:40:26.273385636Z stdout: CANARY ::> Query 6 completed -> Time = 337.74765253067017.s
2022-03-30T16:40:26.27340516Z  stdout: CANARY ::> State 86 collection -> Time = 337.74769854545593.s
2022-03-30T16:40:26.273408628Z stdout: CANARY ::> Iteration 87 starting -> Time = 337.7477066516876.s
2022-03-30T16:40:26.699371647Z stdout: CANARY ::> Query 1 completed -> Time = 338.17361330986023.s
2022-03-30T16:40:27.17572729Z  stdout: CANARY ::> Query 2 completed -> Time = 338.64995431900024.s
2022-03-30T16:40:27.213485435Z stdout: CANARY ::> Query 3 completed -> Time = 338.68780851364136.s
2022-03-30T16:40:28.10727013Z  stdout: CANARY ::> Query 4 completed -> Time = 339.58163189888.s
2022-03-30T16:40:28.107778831Z stdout: CANARY ::> Query 5 completed -> Time = 339.58226323127747.s
2022-03-30T16:40:30.137117179Z stdout: CANARY ::> Query 6 completed -> Time = 341.61145424842834.s
2022-03-30T16:40:30.137136096Z stdout: CANARY ::> State 87 collection -> Time = 341.6115002632141.s
2022-03-30T16:40:30.137140148Z stdout: CANARY ::> Iteration 88 starting -> Time = 341.6115083694458.s
2022-03-30T16:40:30.567611302Z stdout: CANARY ::> Query 1 completed -> Time = 342.0418667793274.s
2022-03-30T16:40:31.046684768Z stdout: CANARY ::> Query 2 completed -> Time = 342.52103424072266.s
2022-03-30T16:40:31.08478397Z  stdout: CANARY ::> Query 3 completed -> Time = 342.55912137031555.s
2022-03-30T16:40:32.038272956Z stdout: CANARY ::> Query 4 completed -> Time = 343.51263070106506.s
2022-03-30T16:40:32.038930656Z stdout: CANARY ::> Query 5 completed -> Time = 343.51340770721436.s
2022-03-30T16:40:33.960109809Z stdout: CANARY ::> Query 6 completed -> Time = 345.4343864917755.s
2022-03-30T16:40:33.96012718Z  stdout: CANARY ::> State 88 collection -> Time = 345.4344291687012.s
2022-03-30T16:40:33.960130178Z stdout: CANARY ::> Iteration 89 starting -> Time = 345.43443751335144.s
2022-03-30T16:40:34.384965827Z stdout: CANARY ::> Query 1 completed -> Time = 345.85925936698914.s
2022-03-30T16:40:34.862038768Z stdout: CANARY ::> Query 2 completed -> Time = 346.3362720012665.s
2022-03-30T16:40:34.901402013Z stdout: CANARY ::> Query 3 completed -> Time = 346.375773191452.s
2022-03-30T16:40:35.75473849Z  stdout: CANARY ::> Query 4 completed -> Time = 347.22902750968933.s
2022-03-30T16:40:35.755719312Z stdout: CANARY ::> Query 5 completed -> Time = 347.23020458221436.s
2022-03-30T16:40:37.78010124Z  stdout: CANARY ::> Query 6 completed -> Time = 349.2543828487396.s
2022-03-30T16:40:37.780116971Z stdout: CANARY ::> State 89 collection -> Time = 349.2544279098511.s
2022-03-30T16:40:37.780120068Z stdout: CANARY ::> Iteration 90 starting -> Time = 349.2544364929199.s
2022-03-30T16:40:38.218256304Z stdout: CANARY ::> Query 1 completed -> Time = 349.6925196647644.s
2022-03-30T16:40:38.695298015Z stdout: CANARY ::> Query 2 completed -> Time = 350.1695444583893.s
2022-03-30T16:40:38.734771885Z stdout: CANARY ::> Query 3 completed -> Time = 350.2091374397278.s
2022-03-30T16:40:39.705052043Z stdout: CANARY ::> Query 4 completed -> Time = 351.1793210506439.s
2022-03-30T16:40:39.705501451Z stdout: CANARY ::> Query 5 completed -> Time = 351.1799831390381.s
2022-03-30T16:40:41.733263473Z stdout: CANARY ::> Query 6 completed -> Time = 353.2076425552368.s
2022-03-30T16:40:41.73328213Z  stdout: CANARY ::> State 90 collection -> Time = 353.20768666267395.s
2022-03-30T16:40:41.733285159Z stdout: CANARY ::> Iteration 91 starting -> Time = 353.20769333839417.s
2022-03-30T16:40:42.160171113Z stdout: CANARY ::> Query 1 completed -> Time = 353.6345133781433.s
2022-03-30T16:40:42.631975681Z stdout: CANARY ::> Query 2 completed -> Time = 354.1062321662903.s
2022-03-30T16:40:42.670539699Z stdout: CANARY ::> Query 3 completed -> Time = 354.14481568336487.s
2022-03-30T16:40:43.643283894Z stdout: CANARY ::> Query 4 completed -> Time = 355.11768412590027.s
2022-03-30T16:40:43.643944764Z stdout: CANARY ::> Query 5 completed -> Time = 355.1184093952179.s
2022-03-30T16:40:45.674770047Z stdout: CANARY ::> Query 6 completed -> Time = 357.14910221099854.s
2022-03-30T16:40:45.674788668Z stdout: CANARY ::> State 91 collection -> Time = 357.14914751052856.s
2022-03-30T16:40:45.674808591Z stdout: CANARY ::> Iteration 92 starting -> Time = 357.1491560935974.s
2022-03-30T16:40:46.123151375Z stdout: CANARY ::> Query 1 completed -> Time = 357.5974164009094.s
2022-03-30T16:40:46.604486367Z stdout: CANARY ::> Query 2 completed -> Time = 358.07874488830566.s
2022-03-30T16:40:46.643198998Z stdout: CANARY ::> Query 3 completed -> Time = 358.11757922172546.s
2022-03-30T16:40:47.602275534Z stdout: CANARY ::> Query 4 completed -> Time = 359.0765450000763.s
2022-03-30T16:40:47.602803895Z stdout: CANARY ::> Query 5 completed -> Time = 359.0772817134857.s
2022-03-30T16:40:49.621730173Z stdout: CANARY ::> Query 6 completed -> Time = 361.0959732532501.s
2022-03-30T16:40:49.621747836Z stdout: CANARY ::> State 92 collection -> Time = 361.0960183143616.s
2022-03-30T16:40:49.621751015Z stdout: CANARY ::> Iteration 93 starting -> Time = 361.09602642059326.s
2022-03-30T16:40:50.047979328Z stdout: CANARY ::> Query 1 completed -> Time = 361.52225828170776.s
2022-03-30T16:40:50.523284338Z stdout: CANARY ::> Query 2 completed -> Time = 361.9976153373718.s
2022-03-30T16:40:50.563520188Z stdout: CANARY ::> Query 3 completed -> Time = 362.03787183761597.s
2022-03-30T16:40:51.470200342Z stdout: CANARY ::> Query 4 completed -> Time = 362.94460439682007.s
2022-03-30T16:40:51.471112863Z stdout: CANARY ::> Query 5 completed -> Time = 362.94559264183044.s
2022-03-30T16:40:53.515149765Z stdout: CANARY ::> Query 6 completed -> Time = 364.98953127861023.s
2022-03-30T16:40:53.515172284Z stdout: CANARY ::> State 93 collection -> Time = 364.9895758628845.s
2022-03-30T16:40:53.515175556Z stdout: CANARY ::> Iteration 94 starting -> Time = 364.9895853996277.s
2022-03-30T16:40:53.939383464Z stdout: CANARY ::> Query 1 completed -> Time = 365.41365146636963.s
2022-03-30T16:40:54.412974208Z stdout: CANARY ::> Query 2 completed -> Time = 365.88726019859314.s
2022-03-30T16:40:54.447599253Z stdout: CANARY ::> Query 3 completed -> Time = 365.9219579696655.s
2022-03-30T16:40:55.355681807Z stdout: CANARY ::> Query 4 completed -> Time = 366.8299386501312.s
2022-03-30T16:40:55.356503139Z stdout: CANARY ::> Query 5 completed -> Time = 366.83098316192627.s
2022-03-30T16:40:57.373230423Z stdout: CANARY ::> Query 6 completed -> Time = 368.8475205898285.s
2022-03-30T16:40:57.373248032Z stdout: CANARY ::> State 94 collection -> Time = 368.8475625514984.s
2022-03-30T16:40:57.373259025Z stdout: CANARY ::> Iteration 95 starting -> Time = 368.84757018089294.s
2022-03-30T16:40:57.799483421Z stdout: CANARY ::> Query 1 completed -> Time = 369.27382373809814.s
2022-03-30T16:40:58.271915827Z stdout: CANARY ::> Query 2 completed -> Time = 369.74614572525024.s
2022-03-30T16:40:58.311673314Z stdout: CANARY ::> Query 3 completed -> Time = 369.7859332561493.s
2022-03-30T16:40:59.209440819Z stdout: CANARY ::> Query 4 completed -> Time = 370.68372893333435.s
2022-03-30T16:40:59.210120107Z stdout: CANARY ::> Query 5 completed -> Time = 370.68460416793823.s
2022-03-30T16:41:01.2005401Z   stdout: CANARY ::> Query 6 completed -> Time = 372.6749336719513.s
2022-03-30T16:41:01.200558154Z stdout: CANARY ::> State 95 collection -> Time = 372.67497754096985.s
2022-03-30T16:41:01.200561047Z stdout: CANARY ::> Iteration 96 starting -> Time = 372.67498445510864.s
2022-03-30T16:41:01.635891348Z stdout: CANARY ::> Query 1 completed -> Time = 373.1101293563843.s
2022-03-30T16:41:02.111228876Z stdout: CANARY ::> Query 2 completed -> Time = 373.5854740142822.s
2022-03-30T16:41:02.1497504Z   stdout: CANARY ::> Query 3 completed -> Time = 373.62403535842896.s
2022-03-30T16:41:03.026579863Z stdout: CANARY ::> Query 4 completed -> Time = 374.5008385181427.s
2022-03-30T16:41:03.027136298Z stdout: CANARY ::> Query 5 completed -> Time = 374.50155115127563.s
2022-03-30T16:41:05.020025692Z stdout: CANARY ::> Query 6 completed -> Time = 376.49426651000977.s
2022-03-30T16:41:05.020042796Z stdout: CANARY ::> State 96 collection -> Time = 376.4943127632141.s
2022-03-30T16:41:05.020045817Z stdout: CANARY ::> Iteration 97 starting -> Time = 376.49432134628296.s
2022-03-30T16:41:05.444260077Z stdout: CANARY ::> Query 1 completed -> Time = 376.91858744621277.s
2022-03-30T16:41:05.920570934Z stdout: CANARY ::> Query 2 completed -> Time = 377.39483189582825.s
2022-03-30T16:41:05.958565173Z stdout: CANARY ::> Query 3 completed -> Time = 377.4328603744507.s
2022-03-30T16:41:06.831684274Z stdout: CANARY ::> Query 4 completed -> Time = 378.3059561252594.s
2022-03-30T16:41:06.832162383Z stdout: CANARY ::> Query 5 completed -> Time = 378.30664110183716.s
2022-03-30T16:41:08.840898023Z stdout: CANARY ::> Query 6 completed -> Time = 380.3151595592499.s
2022-03-30T16:41:08.840915624Z stdout: CANARY ::> State 97 collection -> Time = 380.31520438194275.s
2022-03-30T16:41:08.840919099Z stdout: CANARY ::> Iteration 98 starting -> Time = 380.3152120113373.s
2022-03-30T16:41:09.267759911Z stdout: CANARY ::> Query 1 completed -> Time = 380.7420144081116.s
2022-03-30T16:41:09.747993597Z stdout: CANARY ::> Query 2 completed -> Time = 381.22228169441223.s
2022-03-30T16:41:09.782370246Z stdout: CANARY ::> Query 3 completed -> Time = 381.2566707134247.s
2022-03-30T16:41:10.704337962Z stdout: CANARY ::> Query 4 completed -> Time = 382.17855525016785.s
2022-03-30T16:41:10.704927995Z stdout: CANARY ::> Query 5 completed -> Time = 382.17941665649414.s
2022-03-30T16:41:12.727624681Z stdout: CANARY ::> Query 6 completed -> Time = 384.2020010948181.s
2022-03-30T16:41:12.727643946Z stdout: CANARY ::> State 98 collection -> Time = 384.20204639434814.s
2022-03-30T16:41:12.727647198Z stdout: CANARY ::> Iteration 99 starting -> Time = 384.202054977417.s
2022-03-30T16:41:13.156210137Z stdout: CANARY ::> Query 1 completed -> Time = 384.630539894104.s
2022-03-30T16:41:13.634773821Z stdout: CANARY ::> Query 2 completed -> Time = 385.1090495586395.s
2022-03-30T16:41:13.673423234Z stdout: CANARY ::> Query 3 completed -> Time = 385.14770102500916.s
2022-03-30T16:41:14.563123299Z stdout: CANARY ::> Query 4 completed -> Time = 386.03752613067627.s
2022-03-30T16:41:14.563749169Z stdout: CANARY ::> Query 5 completed -> Time = 386.03823018074036.s
2022-03-30T16:41:16.535356924Z stdout: CANARY ::> Query 6 completed -> Time = 388.00974774360657.s
2022-03-30T16:41:16.535379328Z stdout: CANARY ::> State 99 collection -> Time = 388.00979113578796.s
2022-03-30T16:41:16.535472743Z stdout: CANARY ::> Job completed -> Time = 388.00994634628296.s
